info: UserController initialized {"timestamp":"2025-05-17T15:00:58.043Z"}
info: UserController {/api/user}: {"context":"RoutesResolver","timestamp":"2025-05-17T15:00:58.045Z"}
info: Mapped {/api/user/getAll, GET} route {"context":"RouterExplorer","timestamp":"2025-05-17T15:00:58.046Z"}
info: Mapped {/api/user/getOne, GET} route {"context":"RouterExplorer","timestamp":"2025-05-17T15:00:58.046Z"}
info: Mapped {/api/user/add, POST} route {"context":"RouterExplorer","timestamp":"2025-05-17T15:00:58.046Z"}
info: Mapped {/api/user/update, POST} route {"context":"RouterExplorer","timestamp":"2025-05-17T15:00:58.047Z"}
info: Mapped {/api/user/remove, GET} route {"context":"RouterExplorer","timestamp":"2025-05-17T15:00:58.047Z"}
info: Mapped {/api/user/profile, GET} route {"context":"RouterExplorer","timestamp":"2025-05-17T15:00:58.047Z"}
info: Mapped {/api/user/logs, GET} route {"context":"RouterExplorer","timestamp":"2025-05-17T15:00:58.047Z"}
info: Mapped {/api/user/logsByGroup, GET} route {"context":"RouterExplorer","timestamp":"2025-05-17T15:00:58.048Z"}
info: Nest application successfully started {"context":"NestApplication","timestamp":"2025-05-17T15:00:58.049Z"}
info: UserController initialized {"timestamp":"2025-05-17T15:33:32.956Z"}
info: UserController {/api/user}: {"context":"RoutesResolver","timestamp":"2025-05-17T15:33:32.958Z"}
info: Mapped {/api/user/getAll, GET} route {"context":"RouterExplorer","timestamp":"2025-05-17T15:33:32.959Z"}
info: Mapped {/api/user/getOne, GET} route {"context":"RouterExplorer","timestamp":"2025-05-17T15:33:32.959Z"}
info: Mapped {/api/user/add, POST} route {"context":"RouterExplorer","timestamp":"2025-05-17T15:33:32.960Z"}
info: Mapped {/api/user/update, POST} route {"context":"RouterExplorer","timestamp":"2025-05-17T15:33:32.960Z"}
info: Mapped {/api/user/remove, GET} route {"context":"RouterExplorer","timestamp":"2025-05-17T15:33:32.960Z"}
info: Mapped {/api/user/profile, GET} route {"context":"RouterExplorer","timestamp":"2025-05-17T15:33:32.960Z"}
info: Mapped {/api/user/logs, GET} route {"context":"RouterExplorer","timestamp":"2025-05-17T15:33:32.960Z"}
info: Mapped {/api/user/logsByGroup, GET} route {"context":"RouterExplorer","timestamp":"2025-05-17T15:33:32.961Z"}
info: Nest application successfully started {"context":"NestApplication","timestamp":"2025-05-17T15:33:32.962Z"}
